#
# There is insufficient memory for the Java Runtime Environment to continue.
# Native memory allocation (malloc) failed to allocate 32744 bytes for ChunkPool::allocate
# Possible reasons:
#   The system is out of physical RAM or swap space
#   In 32 bit mode, the process size limit was hit
# Possible solutions:
#   Reduce memory load on the system
#   Increase physical memory or swap space
#   Check if swap backing store is full
#   Use 64 bit Java on a 64 bit OS
#   Decrease Java heap size (-Xmx/-Xms)
#   Decrease number of Java threads
#   Decrease Java thread stack sizes (-Xss)
#   Set larger code cache with -XX:ReservedCodeCacheSize=
# This output file may be truncated or incomplete.
#
#  Out of Memory Error (allocation.cpp:273), pid=3004, tid=592
#
# JRE version: Java(TM) SE Runtime Environment (8.0_60-b27) (build 1.8.0_60-b27)
# Java VM: Java HotSpot(TM) 64-Bit Server VM (25.60-b23 mixed mode windows-amd64 compressed oops)
# Failed to write core dump. Minidumps are not enabled by default on client versions of Windows
#

---------------  T H R E A D  ---------------

Current thread (0x0000000054b7b800):  JavaThread "C1 CompilerThread2" daemon [_thread_in_native, id=592, stack(0x00000000565f0000,0x00000000566f0000)]

Stack: [0x00000000565f0000,0x00000000566f0000]
[error occurred during error reporting (printing stack bounds), id 0xc0000005]

Native frames: (J=compiled Java code, j=interpreted, Vv=VM code, C=native code)


Current CompileTask:
C1:  21499 1931       3      
[error occurred during error reporting (printing current compile task), id 0xe0000001]


---------------  P R O C E S S  ---------------

Java Threads: ( => current thread )
  0x0000000056f83000 JavaThread "Prism Font Disposer" daemon [_thread_blocked, id=4828, stack(0x0000000059950000,0x0000000059a50000)]
  0x0000000056cf7800 JavaThread "Thread-3" daemon [_thread_in_native, id=4952, stack(0x0000000057a70000,0x0000000057b70000)]
  0x0000000056cf6800 JavaThread "JavaFX-Launcher" [_thread_blocked, id=992, stack(0x0000000057b70000,0x0000000057c70000)]
  0x0000000056cd8000 JavaThread "JavaFX Application Thread" [_thread_in_native, id=3376, stack(0x0000000057870000,0x0000000057970000)]
  0x0000000056cd6800 JavaThread "Thread-1" daemon [_thread_blocked, id=2520, stack(0x0000000057970000,0x0000000057a70000)]
  0x0000000056ae2000 JavaThread "QuantumRenderer-0" daemon [_thread_blocked, id=176, stack(0x0000000057570000,0x0000000057670000)]
  0x0000000056750000 JavaThread "Service Thread" daemon [_thread_blocked, id=1908, stack(0x00000000564e0000,0x00000000565e0000)]
=>0x0000000054b7b800 JavaThread "C1 CompilerThread2" daemon [_thread_in_native, id=592, stack(0x00000000565f0000,0x00000000566f0000)]
  0x0000000054b7a800 JavaThread "C2 CompilerThread1" daemon [_thread_blocked, id=3168, stack(0x00000000563e0000,0x00000000564e0000)]
  0x0000000054b76000 JavaThread "C2 CompilerThread0" daemon [_thread_blocked, id=4204, stack(0x0000000056000000,0x0000000056100000)]
  0x0000000054b72000 JavaThread "Attach Listener" daemon [_thread_blocked, id=3524, stack(0x0000000056140000,0x0000000056240000)]
  0x0000000054b70800 JavaThread "Signal Dispatcher" daemon [_thread_blocked, id=2036, stack(0x0000000055e60000,0x0000000055f60000)]
  0x0000000054b17000 JavaThread "Finalizer" daemon [_thread_blocked, id=4184, stack(0x0000000055c50000,0x0000000055d50000)]
  0x0000000054b10000 JavaThread "Reference Handler" daemon [_thread_blocked, id=2848, stack(0x0000000055d60000,0x0000000055e60000)]
  0x00000000002ce000 JavaThread "main" [_thread_blocked, id=1500, stack(0x0000000002100000,0x0000000002200000)]

Other Threads:
  0x0000000054b0a000 VMThread [stack: 0x0000000055af0000,0x0000000055bf0000] [id=1660]
  0x000000005676a000 WatcherThread [stack: 0x0000000056b70000,0x0000000056c70000] [id=304]

VM state:not at safepoint (normal execution)

VM Mutex/Monitor currently owned by a thread: None

Heap:
 PSYoungGen      total 18432K, used 15315K [0x00000000ebb80000, 0x00000000f0e80000, 0x0000000100000000)
  eden space 15872K, 86% used [0x00000000ebb80000,0x00000000ec8dd588,0x00000000ecb00000)
  from space 2560K, 63% used [0x00000000ecb00000,0x00000000ecc976a0,0x00000000ecd80000)
  to   space 28672K, 0% used [0x00000000ef280000,0x00000000ef280000,0x00000000f0e80000)
 ParOldGen       total 69120K, used 39484K [0x00000000c3200000, 0x00000000c7580000, 0x00000000ebb80000)
  object space 69120K, 57% used [0x00000000c3200000,0x00000000c588f050,0x00000000c7580000)
 Metaspace       used 16855K, capacity 17532K, committed 17792K, reserved 1064960K
  class space    used 2435K, capacity 2626K, committed 2688K, reserved 1048576K

Card table byte_map: [0x0000000011890000,0x0000000011a80000] byte_map_base: 0x0000000011277000

Marking Bits: (ParMarkBitMap*) 0x00000000709aa5b0
 Begin Bits: [0x0000000012120000, 0x0000000013058000)
 End Bits:   [0x0000000013058000, 0x0000000013f90000)

Polling page: 0x0000000000110000

CodeCache: size=245760Kb used=5830Kb max_used=5833Kb free=239929Kb
 bounds [0x00000000024d0000, 0x0000000002a90000, 0x00000000114d0000]
 total_blobs=2545 nmethods=1930 adapters=527
 compilation: enabled

Compilation events (10 events):
Event: 21.447 Thread 0x0000000054b7b800 nmethod 1926 0x0000000002a80890 code [0x0000000002a80a20, 0x0000000002a80f68]
Event: 21.447 Thread 0x0000000054b7b800 1927       3       com.sun.javafx.geom.Vec3d::normalize (38 bytes)
Event: 21.447 Thread 0x0000000054b7b800 nmethod 1927 0x0000000002a812d0 code [0x0000000002a81460, 0x0000000002a81670]
Event: 21.460 Thread 0x0000000054b76000 1928       4       java.lang.ThreadLocal::get (38 bytes)
Event: 21.462 Thread 0x0000000054b76000 nmethod 1928 0x0000000002a84490 code [0x0000000002a845e0, 0x0000000002a84718]
Event: 21.462 Thread 0x0000000054b7b800 1929       3       javafx.scene.Scene$TargetWrapper::getCursor (61 bytes)
Event: 21.463 Thread 0x0000000054b7b800 nmethod 1929 0x0000000002a82690 code [0x0000000002a82900, 0x0000000002a83db8]
Event: 21.468 Thread 0x0000000054b7b800 1930       3       javafx.scene.Scene$MouseHandler::updateCursor (36 bytes)
Event: 21.469 Thread 0x0000000054b7b800 nmethod 1930 0x0000000002a82050 code [0x0000000002a821e0, 0x0000000002a82598]
Event: 21.492 Thread 0x0000000054b7b800 1931       3       javafx.scene.Scene$ClickGenerator::preProcess (290 bytes)

GC Heap History (10 events):
Event: 2.567 GC heap before
{Heap before GC invocations=2 (full 0):
 PSYoungGen      total 18432K, used 18192K [0x00000000ebb80000, 0x00000000ed000000, 0x0000000100000000)
  eden space 15872K, 100% used [0x00000000ebb80000,0x00000000ecb00000,0x00000000ecb00000)
  from space 2560K, 90% used [0x00000000ecb00000,0x00000000ecd44010,0x00000000ecd80000)
  to   space 2560K, 0% used [0x00000000ecd80000,0x00000000ecd80000,0x00000000ed000000)
 ParOldGen       total 42496K, used 72K [0x00000000c3200000, 0x00000000c5b80000, 0x00000000ebb80000)
  object space 42496K, 0% used [0x00000000c3200000,0x00000000c3212010,0x00000000c5b80000)
 Metaspace       used 15076K, capacity 15666K, committed 15744K, reserved 1062912K
  class space    used 2226K, capacity 2417K, committed 2432K, reserved 1048576K
Event: 2.577 GC heap after
Heap after GC invocations=2 (full 0):
 PSYoungGen      total 18432K, used 2544K [0x00000000ebb80000, 0x00000000ed000000, 0x0000000100000000)
  eden space 15872K, 0% used [0x00000000ebb80000,0x00000000ebb80000,0x00000000ecb00000)
  from space 2560K, 99% used [0x00000000ecd80000,0x00000000ecffc010,0x00000000ed000000)
  to   space 2560K, 0% used [0x00000000ecb00000,0x00000000ecb00000,0x00000000ecd80000)
 ParOldGen       total 42496K, used 1506K [0x00000000c3200000, 0x00000000c5b80000, 0x00000000ebb80000)
  object space 42496K, 3% used [0x00000000c3200000,0x00000000c3378a90,0x00000000c5b80000)
 Metaspace       used 15076K, capacity 15666K, committed 15744K, reserved 1062912K
  class space    used 2226K, capacity 2417K, committed 2432K, reserved 1048576K
}
Event: 8.651 GC heap before
{Heap before GC invocations=3 (full 0):
 PSYoungGen      total 18432K, used 17979K [0x00000000ebb80000, 0x00000000ed000000, 0x0000000100000000)
  eden space 15872K, 97% used [0x00000000ebb80000,0x00000000eca92c50,0x00000000ecb00000)
  from space 2560K, 99% used [0x00000000ecd80000,0x00000000ecffc010,0x00000000ed000000)
  to   space 2560K, 0% used [0x00000000ecb00000,0x00000000ecb00000,0x00000000ecd80000)
 ParOldGen       total 42496K, used 1506K [0x00000000c3200000, 0x00000000c5b80000, 0x00000000ebb80000)
  object space 42496K, 3% used [0x00000000c3200000,0x00000000c3378a90,0x00000000c5b80000)
 Metaspace       used 16242K, capacity 16884K, committed 17024K, reserved 1062912K
  class space    used 2375K, capacity 2562K, committed 2688K, reserved 1048576K
Event: 8.666 GC heap after
Heap after GC invocations=3 (full 0):
 PSYoungGen      total 18432K, used 2552K [0x00000000ebb80000, 0x00000000ed000000, 0x0000000100000000)
  eden space 15872K, 0% used [0x00000000ebb80000,0x00000000ebb80000,0x00000000ecb00000)
  from space 2560K, 99% used [0x00000000ecb00000,0x00000000ecd7e070,0x00000000ecd80000)
  to   space 2560K, 0% used [0x00000000ecd80000,0x00000000ecd80000,0x00000000ed000000)
 ParOldGen       total 42496K, used 29924K [0x00000000c3200000, 0x00000000c5b80000, 0x00000000ebb80000)
  object space 42496K, 70% used [0x00000000c3200000,0x00000000c4f391c0,0x00000000c5b80000)
 Metaspace       used 16242K, capacity 16884K, committed 17024K, reserved 1062912K
  class space    used 2375K, capacity 2562K, committed 2688K, reserved 1048576K
}
Event: 8.666 GC heap before
{Heap before GC invocations=4 (full 1):
 PSYoungGen      total 18432K, used 2552K [0x00000000ebb80000, 0x00000000ed000000, 0x0000000100000000)
  eden space 15872K, 0% used [0x00000000ebb80000,0x00000000ebb80000,0x00000000ecb00000)
  from space 2560K, 99% used [0x00000000ecb00000,0x00000000ecd7e070,0x00000000ecd80000)
  to   space 2560K, 0% used [0x00000000ecd80000,0x00000000ecd80000,0x00000000ed000000)
 ParOldGen       total 42496K, used 29924K [0x00000000c3200000, 0x00000000c5b80000, 0x00000000ebb80000)
  object space 42496K, 70% used [0x00000000c3200000,0x00000000c4f391c0,0x00000000c5b80000)
 Metaspace       used 16242K, capacity 16884K, committed 17024K, reserved 1062912K
  class space    used 2375K, capacity 2562K, committed 2688K, reserved 1048576K
Event: 8.715 GC heap after
Heap after GC invocations=4 (full 1):
 PSYoungGen      total 18432K, used 0K [0x00000000ebb80000, 0x00000000ed000000, 0x0000000100000000)
  eden space 15872K, 0% used [0x00000000ebb80000,0x00000000ebb80000,0x00000000ecb00000)
  from space 2560K, 0% used [0x00000000ecb00000,0x00000000ecb00000,0x00000000ecd80000)
  to   space 2560K, 0% used [0x00000000ecd80000,0x00000000ecd80000,0x00000000ed000000)
 ParOldGen       total 69120K, used 16041K [0x00000000c3200000, 0x00000000c7580000, 0x00000000ebb80000)
  object space 69120K, 23% used [0x00000000c3200000,0x00000000c41aa600,0x00000000c7580000)
 Metaspace       used 16242K, capacity 16884K, committed 17024K, reserved 1062912K
  class space    used 2375K, capacity 2562K, committed 2688K, reserved 1048576K
}
Event: 19.209 GC heap before
{Heap before GC invocations=5 (full 1):
 PSYoungGen      total 18432K, used 13170K [0x00000000ebb80000, 0x00000000ed000000, 0x0000000100000000)
  eden space 15872K, 82% used [0x00000000ebb80000,0x00000000ec85caa0,0x00000000ecb00000)
  from space 2560K, 0% used [0x00000000ecb00000,0x00000000ecb00000,0x00000000ecd80000)
  to   space 2560K, 0% used [0x00000000ecd80000,0x00000000ecd80000,0x00000000ed000000)
 ParOldGen       total 69120K, used 16041K [0x00000000c3200000, 0x00000000c7580000, 0x00000000ebb80000)
  object space 69120K, 23% used [0x00000000c3200000,0x00000000c41aa600,0x00000000c7580000)
 Metaspace       used 16810K, capacity 17468K, committed 17536K, reserved 1064960K
  class space    used 2435K, capacity 2626K, committed 2688K, reserved 1048576K
Event: 19.214 GC heap after
Heap after GC invocations=5 (full 1):
 PSYoungGen      total 18432K, used 1629K [0x00000000ebb80000, 0x00000000ed000000, 0x0000000100000000)
  eden space 15872K, 0% used [0x00000000ebb80000,0x00000000ebb80000,0x00000000ecb00000)
  from space 2560K, 63% used [0x00000000ecd80000,0x00000000ecf176a0,0x00000000ed000000)
  to   space 2560K, 0% used [0x00000000ecb00000,0x00000000ecb00000,0x00000000ecd80000)
 ParOldGen       total 69120K, used 25759K [0x00000000c3200000, 0x00000000c7580000, 0x00000000ebb80000)
  object space 69120K, 37% used [0x00000000c3200000,0x00000000c4b27e10,0x00000000c7580000)
 Metaspace       used 16810K, capacity 17468K, committed 17536K, reserved 1064960K
  class space    used 2435K, capacity 2626K, committed 2688K, reserved 1048576K
}
Event: 19.354 GC heap before
{Heap before GC invocations=6 (full 1):
 PSYoungGen      total 18432K, used 16072K [0x00000000ebb80000, 0x00000000ed000000, 0x0000000100000000)
  eden space 15872K, 90% used [0x00000000ebb80000,0x00000000ec99a978,0x00000000ecb00000)
  from space 2560K, 63% used [0x00000000ecd80000,0x00000000ecf176a0,0x00000000ed000000)
  to   space 2560K, 0% used [0x00000000ecb00000,0x00000000ecb00000,0x00000000ecd80000)
 ParOldGen       total 69120K, used 25759K [0x00000000c3200000, 0x00000000c7580000, 0x00000000ebb80000)
  object space 69120K, 37% used [0x00000000c3200000,0x00000000c4b27e10,0x00000000c7580000)
 Metaspace       used 16827K, capacity 17468K, committed 17536K, reserved 1064960K
  class space    used 2435K, capacity 2626K, committed 2688K, reserved 1048576K
Event: 19.361 GC heap after
Heap after GC invocations=6 (full 1):
 PSYoungGen      total 18432K, used 1629K [0x00000000ebb80000, 0x00000000f0e80000, 0x0000000100000000)
  eden space 15872K, 0% used [0x00000000ebb80000,0x00000000ebb80000,0x00000000ecb00000)
  from space 2560K, 63% used [0x00000000ecb00000,0x00000000ecc976a0,0x00000000ecd80000)
  to   space 28672K, 0% used [0x00000000ef280000,0x00000000ef280000,0x00000000f0e80000)
 ParOldGen       total 69120K, used 39484K [0x00000000c3200000, 0x00000000c7580000, 0x00000000ebb80000)
  object space 69120K, 57% used [0x00000000c3200000,0x00000000c588f050,0x00000000c7580000)
 Metaspace       used 16827K, capacity 17468K, committed 17536K, reserved 1064960K
  class space    used 2435K, capacity 2626K, committed 2688K, reserved 1048576K
}

Deoptimization events (10 events):
Event: 2.180 Thread 0x0000000056cd8000 Uncommon trap: reason=class_check action=maybe_recompile pc=0x00000000025ed8e0 method=java.lang.String.equals(Ljava/lang/Object;)Z @ 8
Event: 2.182 Thread 0x0000000056cd8000 Uncommon trap: reason=class_check action=maybe_recompile pc=0x00000000025ed8e0 method=java.lang.String.equals(Ljava/lang/Object;)Z @ 8
Event: 2.293 Thread 0x0000000056cd8000 Uncommon trap: reason=unstable_if action=reinterpret pc=0x00000000027fdf5c method=java.lang.String.regionMatches(ZILjava/lang/String;II)Z @ 123
Event: 2.362 Thread 0x0000000056cd8000 Uncommon trap: reason=unstable_if action=reinterpret pc=0x00000000027f7c04 method=java.util.HashMap.hash(Ljava/lang/Object;)I @ 1
Event: 2.363 Thread 0x0000000056cd8000 Uncommon trap: reason=unstable_if action=reinterpret pc=0x0000000002806a60 method=java.util.HashMap.hash(Ljava/lang/Object;)I @ 1
Event: 2.418 Thread 0x0000000056cd8000 Uncommon trap: reason=unstable_if action=reinterpret pc=0x0000000002792c64 method=java.util.HashMap.hash(Ljava/lang/Object;)I @ 1
Event: 2.601 Thread 0x0000000056cd8000 Uncommon trap: reason=unstable_if action=reinterpret pc=0x00000000027f3928 method=jdk.internal.org.objectweb.asm.Type.getArgumentsAndReturnSizes(Ljava/lang/String;)I @ 47
Event: 8.635 Thread 0x0000000056cd8000 Uncommon trap: reason=unstable_if action=reinterpret pc=0x00000000027b49d4 method=java.util.BitSet.get(I)Z @ 60
Event: 8.795 Thread 0x0000000056cd8000 Uncommon trap: reason=unstable_if action=reinterpret pc=0x00000000028fb188 method=java.util.WeakHashMap.expungeStaleEntries()V @ 9
Event: 8.824 Thread 0x0000000056ae2000 Uncommon trap: reason=unstable_if action=reinterpret pc=0x00000000029a3ca4 method=com.sun.javafx.image.impl.ByteRgb$ToIntFrgbConv.doConvert([BII[IIIII)V @ 22

Internal exceptions (10 events):
Event: 1.371 Thread 0x0000000056cd8000 Exception <a 'java/lang/ArrayIndexOutOfBoundsException'> (0x00000000ec8964e8) thrown at [C:\re\workspace\8-2-build-windows-amd64-cygwin\jdk8u60\4407\hotspot\src\share\vm\runtime\sharedRuntime.cpp, line 605]
Event: 1.755 Thread 0x0000000056cd8000 Exception <a 'java/lang/ArrayIndexOutOfBoundsException'> (0x00000000ec074f20) thrown at [C:\re\workspace\8-2-build-windows-amd64-cygwin\jdk8u60\4407\hotspot\src\share\vm\runtime\sharedRuntime.cpp, line 605]
Event: 1.767 Thread 0x0000000056cd8000 Exception <a 'java/lang/ArrayIndexOutOfBoundsException'> (0x00000000ec0fefe8) thrown at [C:\re\workspace\8-2-build-windows-amd64-cygwin\jdk8u60\4407\hotspot\src\share\vm\runtime\sharedRuntime.cpp, line 605]
Event: 1.769 Thread 0x0000000056cd8000 Exception <a 'java/lang/ArrayIndexOutOfBoundsException'> (0x00000000ec104da0) thrown at [C:\re\workspace\8-2-build-windows-amd64-cygwin\jdk8u60\4407\hotspot\src\share\vm\runtime\sharedRuntime.cpp, line 605]
Event: 1.834 Thread 0x0000000056cd8000 Exception <a 'java/io/FileNotFoundException'> (0x00000000ec1ec240) thrown at [C:\re\workspace\8-2-build-windows-amd64-cygwin\jdk8u60\4407\hotspot\src\share\vm\prims\jni.cpp, line 709]
Event: 2.183 Thread 0x0000000056cd8000 Exception <a 'java/lang/ClassCastException': java.lang.Double cannot be cast to javafx.scene.paint.Paint> (0x00000000ec5abab0) thrown at [C:\re\workspace\8-2-build-windows-amd64-cygwin\jdk8u60\4407\hotspot\src\share\vm\interpreter\interpreterRuntime.cpp, l
Event: 2.362 Thread 0x0000000056cd8000 Implicit null exception at 0x00000000027f79e5 to 0x00000000027f7bf5
Event: 2.363 Thread 0x0000000056cd8000 Implicit null exception at 0x00000000028069c8 to 0x0000000002806a56
Event: 2.418 Thread 0x0000000056cd8000 Implicit null exception at 0x0000000002792bef to 0x0000000002792c55
Event: 2.754 Thread 0x0000000056ae2000 Exception <a 'java/lang/NullPointerException'> (0x00000000ebe55558) thrown at [C:\re\workspace\8-2-build-windows-amd64-cygwin\jdk8u60\4407\hotspot\src\share\vm\interpreter\linkResolver.cpp, line 1178]

Events (10 events):
Event: 19.366 Executing VM operation: RevokeBias
Event: 19.367 Executing VM operation: RevokeBias done
Event: 19.367 Executing VM operation: RevokeBias
Event: 19.367 Executing VM operation: RevokeBias done
Event: 19.367 Executing VM operation: RevokeBias
Event: 19.367 Executing VM operation: RevokeBias done
Event: 19.367 Executing VM operation: RevokeBias
Event: 19.367 Executing VM operation: RevokeBias done
Event: 19.367 Executing VM operation: RevokeBias
Event: 19.367 Executing VM operation: RevokeBias done


Dynamic libraries:
0x000000013f850000 - 0x000000013f887000 	C:\Program Files\Java\jdk1.8.0_60\bin\java.exe
0x0000000076cb0000 - 0x0000000076e5a000 	C:\Windows\SYSTEM32\ntdll.dll
0x0000000076b90000 - 0x0000000076caf000 	C:\Windows\system32\kernel32.dll
0x000007fefcb70000 - 0x000007fefcbda000 	C:\Windows\system32\KERNELBASE.dll
0x000007fefd320000 - 0x000007fefd3fb000 	C:\Windows\system32\ADVAPI32.dll
0x000007fefe770000 - 0x000007fefe80f000 	C:\Windows\system32\msvcrt.dll
0x000007fefd750000 - 0x000007fefd76f000 	C:\Windows\SYSTEM32\sechost.dll
0x000007fefe9a0000 - 0x000007fefeacd000 	C:\Windows\system32\RPCRT4.dll
0x0000000076a90000 - 0x0000000076b8a000 	C:\Windows\system32\USER32.dll
0x000007fefd400000 - 0x000007fefd467000 	C:\Windows\system32\GDI32.dll
0x000007fefd740000 - 0x000007fefd74e000 	C:\Windows\system32\LPK.dll
0x000007fefcdd0000 - 0x000007fefce9a000 	C:\Windows\system32\USP10.dll
0x000007fefaa70000 - 0x000007fefac64000 	C:\Windows\WinSxS\amd64_microsoft.windows.common-controls_6595b64144ccf1df_6.0.7601.18837_none_fa3b1e3d17594757\COMCTL32.dll
0x000007fefef40000 - 0x000007fefefb1000 	C:\Windows\system32\SHLWAPI.dll
0x000007fefd2f0000 - 0x000007fefd31e000 	C:\Windows\system32\IMM32.DLL
0x000007fefd770000 - 0x000007fefd879000 	C:\Windows\system32\MSCTF.dll
0x0000000073c80000 - 0x0000000073d52000 	C:\Program Files\Java\jdk1.8.0_60\jre\bin\msvcr100.dll
0x00000000701a0000 - 0x0000000070a29000 	C:\Program Files\Java\jdk1.8.0_60\jre\bin\server\jvm.dll
0x000007fef9600000 - 0x000007fef9609000 	C:\Windows\system32\WSOCK32.dll
0x000007fefd890000 - 0x000007fefd8dd000 	C:\Windows\system32\WS2_32.dll
0x000007fefd880000 - 0x000007fefd888000 	C:\Windows\system32\NSI.dll
0x000007fef7620000 - 0x000007fef765b000 	C:\Windows\system32\WINMM.dll
0x000007fefbbe0000 - 0x000007fefbbec000 	C:\Windows\system32\VERSION.dll
0x0000000076e80000 - 0x0000000076e87000 	C:\Windows\system32\PSAPI.DLL
0x0000000074020000 - 0x000000007402f000 	C:\Program Files\Java\jdk1.8.0_60\jre\bin\verify.dll
0x0000000073ff0000 - 0x0000000074019000 	C:\Program Files\Java\jdk1.8.0_60\jre\bin\java.dll
0x0000000073fd0000 - 0x0000000073fe6000 	C:\Program Files\Java\jdk1.8.0_60\jre\bin\zip.dll
0x000007fefd9e0000 - 0x000007fefe76c000 	C:\Windows\system32\SHELL32.dll
0x000007fefead0000 - 0x000007fefecd3000 	C:\Windows\system32\ole32.dll
0x000007fefc9f0000 - 0x000007fefc9ff000 	C:\Windows\system32\profapi.dll
0x000007feeedf0000 - 0x000007feeeedf000 	C:\Program Files\Java\jdk1.8.0_60\jre\bin\msvcr120.dll
0x000007feeed40000 - 0x000007feeede6000 	C:\Program Files\Java\jdk1.8.0_60\jre\bin\msvcp120.dll
0x000000006d670000 - 0x000000006d693000 	C:\Program Files\Java\jdk1.8.0_60\jre\bin\prism_d3d.dll
0x000007feedae0000 - 0x000007feedcdf000 	C:\Windows\system32\d3d9.dll
0x000007fef99c0000 - 0x000007fef99c7000 	C:\Windows\system32\d3d8thk.dll
0x000007fefa270000 - 0x000007fefa288000 	C:\Windows\system32\dwmapi.dll
0x000007fefa9c0000 - 0x000007fefaa16000 	C:\Windows\system32\uxtheme.dll
0x000000006d650000 - 0x000000006d66c000 	C:\Program Files\Java\jdk1.8.0_60\jre\bin\prism_sw.dll
0x000000006a9f0000 - 0x000000006aa33000 	C:\Program Files\Java\jdk1.8.0_60\jre\bin\glass.dll
0x000007fefd8e0000 - 0x000007fefd977000 	C:\Windows\system32\COMDLG32.dll
0x000007fefd210000 - 0x000007fefd2e8000 	C:\Windows\system32\OLEAUT32.dll
0x000007fefc830000 - 0x000007fefc83f000 	C:\Windows\system32\CRYPTBASE.dll
0x000000006a9d0000 - 0x000000006a9e4000 	C:\Program Files\Java\jdk1.8.0_60\jre\bin\javafx_font.dll
0x000007feee810000 - 0x000007feee9a7000 	C:\Windows\system32\dwrite.dll
0x000007fefcea0000 - 0x000007fefcf39000 	C:\Windows\system32\CLBCatQ.DLL
0x000007fef9c90000 - 0x000007fef9df1000 	C:\Windows\system32\WindowsCodecs.dll
0x000007fefc8e0000 - 0x000007fefc937000 	C:\Windows\system32\apphelp.dll
0x000007fef6930000 - 0x000007fef69f0000 	C:\Program Files (x86)\Google\Drive\googledrivesync64.dll
0x0000000072730000 - 0x0000000072803000 	C:\Windows\WinSxS\amd64_microsoft.vc90.crt_1fc8b3b9a1e18e3b_9.0.30729.6161_none_08e61857a83bc251\MSVCP90.dll
0x0000000072680000 - 0x0000000072723000 	C:\Windows\WinSxS\amd64_microsoft.vc90.crt_1fc8b3b9a1e18e3b_9.0.30729.6161_none_08e61857a83bc251\MSVCR90.dll
0x000007fef64a0000 - 0x000007fef6632000 	C:\Users\SarthaksComp\AppData\Local\Microsoft\OneDrive\17.3.6301.0127\amd64\FileSyncShell64.dll
0x000007fefcf40000 - 0x000007fefd206000 	C:\Windows\system32\WININET.dll
0x000007fefcae0000 - 0x000007fefcae4000 	C:\Windows\system32\api-ms-win-downlevel-user32-l1-1-0.dll
0x000007fefcb00000 - 0x000007fefcb04000 	C:\Windows\system32\api-ms-win-downlevel-shlwapi-l1-1-0.dll
0x000007fefcaf0000 - 0x000007fefcaf4000 	C:\Windows\system32\api-ms-win-downlevel-version-l1-1-0.dll
0x000007fefca10000 - 0x000007fefca13000 	C:\Windows\system32\api-ms-win-downlevel-normaliz-l1-1-0.dll
0x0000000076e70000 - 0x0000000076e73000 	C:\Windows\system32\normaliz.DLL
0x000007fefd470000 - 0x000007fefd739000 	C:\Windows\system32\iertutil.dll
0x000007fefca30000 - 0x000007fefca35000 	C:\Windows\system32\api-ms-win-downlevel-advapi32-l1-1-0.dll
0x000007fefcb10000 - 0x000007fefcb2e000 	C:\Windows\system32\USERENV.dll
0x000007fef61d0000 - 0x000007fef6205000 	C:\Windows\system32\EhStorShell.dll
0x000007fefed60000 - 0x000007fefef37000 	C:\Windows\system32\SETUPAPI.dll
0x000007fefcb30000 - 0x000007fefcb66000 	C:\Windows\system32\CFGMGR32.dll
0x000007fefcbe0000 - 0x000007fefcbfa000 	C:\Windows\system32\DEVOBJ.dll
0x000007fefb2b0000 - 0x000007fefb3dc000 	C:\Windows\system32\PROPSYS.dll
0x000007fef5b60000 - 0x000007fef61cf000 	C:\PROGRA~1\MICROS~4\Office14\GROOVEEX.DLL
0x0000000072600000 - 0x000000007262f000 	C:\Windows\WinSxS\amd64_microsoft.vc90.atl_1fc8b3b9a1e18e3b_9.0.30729.6161_none_0a1fd3a3a768b895\ATL90.DLL
0x000007fef56f0000 - 0x000007fef5b0a000 	C:\PROGRA~1\COMMON~1\MICROS~1\OFFICE14\Cultures\office.odf
0x000007fef4e80000 - 0x000007fef56e5000 	C:\PROGRA~1\MICROS~4\Office14\1033\GrooveIntlResource.dll
0x000007fef7fc0000 - 0x000007fef7fed000 	C:\Program Files\Common Files\Microsoft Shared\Ink\rtscom.dll
0x000000006a9b0000 - 0x000000006a9c7000 	C:\Program Files\Java\jdk1.8.0_60\jre\bin\decora_sse.dll
0x000007feed710000 - 0x000007feedad4000 	C:\Windows\system32\d2d1.dll
0x000007fef6f70000 - 0x000007fef7145000 	C:\Windows\system32\d3d11.dll
0x000007fef71a0000 - 0x000007fef71fd000 	C:\Windows\system32\dxgi.dll
0x000007feed490000 - 0x000007feed709000 	C:\Windows\system32\D3D10Warp.dll
0x000007fefcd70000 - 0x000007fefcdab000 	C:\Windows\system32\WINTRUST.dll
0x000007fefcc00000 - 0x000007fefcd6d000 	C:\Windows\system32\CRYPT32.dll
0x000007fefca00000 - 0x000007fefca0f000 	C:\Windows\system32\MSASN1.dll
0x000000006a7c0000 - 0x000000006a7d1000 	C:\Program Files\Java\jdk1.8.0_60\jre\bin\prism_common.dll
0x0000000065810000 - 0x0000000065833000 	C:\Program Files\Java\jdk1.8.0_60\jre\bin\javafx_iio.dll

VM Arguments:
jvm_args: -Dfile.encoding=UTF-8 
java_command: Assignment5_Sarthak_Sharma.makeChangeMain
java_class_path (initial): C:\Courses\Java 2\FX\Assignment5_Sarthak_Sharma\build\classes
Launcher Type: SUN_STANDARD

Environment Variables:
PATH=C:\Program Files\Common Files\Microsoft Shared\Windows Live;C:\Program Files (x86)\Common Files\Microsoft Shared\Windows Live;C:\ProgramData\Oracle\Java\javapath;C:\Windows\system32;C:\Windows;C:\Windows\System32\Wbem;C:\Windows\System32\WindowsPowerShell\v1.0\;C:\Program Files\Microsoft SQL Server\110\Tools\Binn\;d:\Program Files\ATI Technologies\ATI.ACE\Core-Static;C:\Program Files (x86)\Calibre2\;C:\Program Files\MATLAB\R2015a\bin;C:\Program Files (x86)\Common Files\ThinPrint\;C:\Program Files (x86)\MySQL\MySQL Fabric 1.5 & MySQL Utilities 1.5\;C:\Program Files (x86)\MySQL\MySQL Fabric 1.5 & MySQL Utilities 1.5\Doctrine extensions for PHP\;C:\Program Files (x86)\Skype\Phone\;C:\Program Files (x86)\Windows Live\Shared;C:\Program Files (x86)\SSH Communications Security\SSH Secure Shell
USERNAME=SarthaksComp
OS=Windows_NT
PROCESSOR_IDENTIFIER=Intel64 Family 6 Model 37 Stepping 2, GenuineIntel



---------------  S Y S T E M  ---------------

OS: Windows 7 , 64 bit Build 7601 (6.1.7601.23418)

CPU:total 4 (2 cores per cpu, 2 threads per core) family 6 model 37 stepping 2, cmov, cx8, fxsr, mmx, sse, sse2, sse3, ssse3, sse4.1, sse4.2, popcnt, ht, tsc, tscinvbit

Memory: 4k page, physical 3987312k(178900k free), swap 5034028k(5152k free)

vm_info: Java HotSpot(TM) 64-Bit Server VM (25.60-b23) for windows-amd64 JRE (1.8.0_60-b27), built on Aug  4 2015 11:06:27 by "java_re" with MS VC++ 10.0 (VS2010)

time: Fri Aug 12 11:30:47 2016
elapsed time: 21 seconds (0d 0h 0m 21s)

